<?xml version="1.0" encoding="UTF-8"?>
<!-- Generated by org.testng.reporters.JUnitReportReporter -->
<testsuite skipped="0" hostname="THAOLEP" name="CRM.CRM" tests="5" failures="0" timestamp="2019-10-04T20:08:00 ICT" time="16.630" errors="0">
  <testcase name="Login" time="5.214" classname="CRM.CRM"/>
  <testcase name="addcampaign" time="3.228" classname="CRM.CRM"/>
  <testcase name="createProduct" time="1.279" classname="CRM.CRM"/>
  <testcase name="SearchProduct" time="0.660" classname="CRM.CRM"/>
  <testcase name="EditProduct" time="6.249" classname="CRM.CRM"/>
</testsuite> <!-- CRM.CRM -->
